<?xml version="1.0" encoding="UTF-8"?>
<testng-results skipped="0" failed="0" ignored="0" total="1" passed="1">
  <reporter-output>
  </reporter-output>
  <suite name="Default suite" duration-ms="39703" started-at="2018-10-19T13:58:57Z" finished-at="2018-10-19T13:59:36Z">
    <groups>
    </groups>
    <test name="Default test" duration-ms="39703" started-at="2018-10-19T13:58:57Z" finished-at="2018-10-19T13:59:36Z">
      <class name="com.amazon.dropdownTest.RegisterAddress">
        <test-method status="PASS" signature="configBC()[pri:0, instance:com.amazon.dropdownTest.RegisterAddress@7cd62f43]" name="configBC" is-config="true" duration-ms="11329" started-at="2018-10-19T13:58:57Z" finished-at="2018-10-19T13:59:08Z">
          <reporter-output>
          </reporter-output>
        </test-method> <!-- configBC -->
        <test-method status="PASS" signature="configBM()[pri:0, instance:com.amazon.dropdownTest.RegisterAddress@7cd62f43]" name="configBM" is-config="true" duration-ms="13178" started-at="2018-10-19T13:59:08Z" finished-at="2018-10-19T13:59:21Z">
          <reporter-output>
          </reporter-output>
        </test-method> <!-- configBM -->
        <test-method status="PASS" signature="addressRegisterTest()[pri:0, instance:com.amazon.dropdownTest.RegisterAddress@7cd62f43]" name="addressRegisterTest" duration-ms="9741" started-at="2018-10-19T13:59:21Z" finished-at="2018-10-19T13:59:31Z">
          <reporter-output>
          </reporter-output>
        </test-method> <!-- addressRegisterTest -->
        <test-method status="PASS" signature="configAM()[pri:0, instance:com.amazon.dropdownTest.RegisterAddress@7cd62f43]" name="configAM" is-config="true" duration-ms="4338" started-at="2018-10-19T13:59:31Z" finished-at="2018-10-19T13:59:35Z">
          <reporter-output>
          </reporter-output>
        </test-method> <!-- configAM -->
        <test-method status="PASS" signature="configAC()[pri:0, instance:com.amazon.dropdownTest.RegisterAddress@7cd62f43]" name="configAC" is-config="true" duration-ms="1085" started-at="2018-10-19T13:59:35Z" finished-at="2018-10-19T13:59:36Z">
          <reporter-output>
          </reporter-output>
        </test-method> <!-- configAC -->
      </class> <!-- com.amazon.dropdownTest.RegisterAddress -->
    </test> <!-- Default test -->
  </suite> <!-- Default suite -->
</testng-results>
